<?xml version="1.0" encoding="UTF-8"?>
<!-- Generated by org.testng.reporters.JUnitXMLReporter -->
<testsuite ignored="0" hostname="DESKTOP-077G3EM" failures="0" tests="10" name="GCASH" time="447.26" errors="0" timestamp="2022-09-24T18:23:52 IST">
  <testcase classname="com.GCash_GGivesScripts.GCASHScripts" name="Allowpopup" time="41.858"/>
  <testcase classname="com.GCash_GGivesScripts.GCASHScripts" name="Login" time="32.981"/>
  <testcase classname="com.GCash_GGivesScripts.GCASHScripts" name="gGivesHomePage" time="32.834"/>
  <testcase classname="com.GCash_GGivesScripts.GCASHScripts" name="gGivesViewPage" time="32.927"/>
  <testcase classname="com.GCash_GGivesScripts.GCASHScripts" name="gGivesDashboardPage" time="33.064"/>
  <testcase classname="com.GCash_GGivesScripts.GCASHScripts" name="gGivesDuesPage" time="33.196"/>
  <testcase classname="com.GCash_GGivesScripts.GCASHScripts" name="gGivesPaymentPage" time="36.129"/>
  <testcase classname="com.GCash_GGivesScripts.GCASHScripts" name="gCashLogoutPage" time="32.093"/>
  <testcase classname="com.GCash_GGivesScripts.GCASHScripts" name="gSaveLoginPage" time="31.588"/>
  <testcase classname="com.GCash_GGivesScripts.GCASHScripts" name="gSaveTransactionPage" time="0.914"/>
</testsuite> <!-- GCASH -->
