<?xml version="1.0" encoding="UTF-8"?>
<testsuite xmlns:xsi="http://www.w3.org/2001/XMLSchema-instance" xsi:noNamespaceSchemaLocation="https://maven.apache.org/surefire/maven-surefire-plugin/xsd/surefire-test-report.xsd" name="TestSuite" time="448.471" tests="10" errors="0" skipped="0" failures="0">
  <properties>
[...]
</properties>
  <testcase name="Allowpopup" classname="com.GCash_GGivesScripts.GCASHScripts" time="41.861"/>
  <testcase name="Login" classname="com.GCash_GGivesScripts.GCASHScripts" time="32.98"/>
  <testcase name="gGivesHomePage" classname="com.GCash_GGivesScripts.GCASHScripts" time="32.835"/>
  <testcase name="gGivesViewPage" classname="com.GCash_GGivesScripts.GCASHScripts" time="32.928"/>
  <testcase name="gGivesDashboardPage" classname="com.GCash_GGivesScripts.GCASHScripts" time="33.063"/>
  <testcase name="gGivesDuesPage" classname="com.GCash_GGivesScripts.GCASHScripts" time="33.197"/>
  <testcase name="gGivesPaymentPage" classname="com.GCash_GGivesScripts.GCASHScripts" time="36.128"/>
  <testcase name="gCashLogoutPage" classname="com.GCash_GGivesScripts.GCASHScripts" time="32.093"/>
  <testcase name="gSaveLoginPage" classname="com.GCash_GGivesScripts.GCASHScripts" time="31.588"/>
  <testcase name="gSaveTransactionPage" classname="com.GCash_GGivesScripts.GCASHScripts" time="0.914"/>
</testsuite>