<?xml version="1.0" encoding="UTF-8"?>
<testng-results ignored="0" total="10" passed="10" failed="0" skipped="0">
  <reporter-output>
  </reporter-output>
  <suite started-at="2022-09-24T18:16:25 IST" name="Android" finished-at="2022-09-24T18:23:52 IST" duration-ms="447260">
    <groups>
    </groups>
    <test started-at="2022-09-24T18:16:25 IST" name="GCASH" finished-at="2022-09-24T18:23:52 IST" duration-ms="447260">
      <class name="com.GCash_GGivesScripts.GCASHScripts">
        <test-method is-config="true" signature="Before()[pri:0, instance:com.GCash_GGivesScripts.GCASHScripts@e077866]" started-at="2022-09-24T18:16:35 IST" name="Before" finished-at="2022-09-24T18:16:57 IST" duration-ms="22591" status="PASS">
          <reporter-output>
          </reporter-output>
        </test-method> <!-- Before -->
        <test-method signature="Allowpopup(java.lang.String)[pri:0, instance:com.GCash_GGivesScripts.GCASHScripts@e077866]" started-at="2022-09-24T18:16:57 IST" name="Allowpopup" finished-at="2022-09-24T18:17:39 IST" duration-ms="41858" status="PASS">
          <params>
            <param index="0">
              <value>
                <![CDATA[SenderUser]]>
              </value>
            </param>
          </params>
          <reporter-output>
          </reporter-output>
        </test-method> <!-- Allowpopup -->
        <test-method signature="Login(java.lang.String, java.lang.String, java.lang.String, java.lang.String)[pri:1, instance:com.GCash_GGivesScripts.GCASHScripts@e077866]" started-at="2022-09-24T18:17:58 IST" name="Login" finished-at="2022-09-24T18:18:31 IST" duration-ms="32981" status="PASS">
          <params>
            <param index="0">
              <value>
                <![CDATA[9999999999]]>
              </value>
            </param>
            <param index="1">
              <value>
                <![CDATA[9664087954]]>
              </value>
            </param>
            <param index="2">
              <value>
                <![CDATA[000000]]>
              </value>
            </param>
            <param index="3">
              <value>
                <![CDATA[000001]]>
              </value>
            </param>
          </params>
          <reporter-output>
          </reporter-output>
        </test-method> <!-- Login -->
        <test-method signature="gGivesHomePage(java.lang.String)[pri:2, instance:com.GCash_GGivesScripts.GCASHScripts@e077866]" started-at="2022-09-24T18:18:41 IST" name="gGivesHomePage" finished-at="2022-09-24T18:19:14 IST" duration-ms="32834" status="PASS">
          <params>
            <param index="0">
              <value>
                <![CDATA[SenderUser]]>
              </value>
            </param>
          </params>
          <reporter-output>
          </reporter-output>
        </test-method> <!-- gGivesHomePage -->
        <test-method signature="gGivesViewPage()[pri:3, instance:com.GCash_GGivesScripts.GCASHScripts@e077866]" started-at="2022-09-24T18:19:22 IST" name="gGivesViewPage" finished-at="2022-09-24T18:19:55 IST" duration-ms="32927" status="PASS">
          <reporter-output>
          </reporter-output>
        </test-method> <!-- gGivesViewPage -->
        <test-method signature="gGivesDashboardPage(java.lang.String)[pri:4, instance:com.GCash_GGivesScripts.GCASHScripts@e077866]" started-at="2022-09-24T18:20:05 IST" name="gGivesDashboardPage" finished-at="2022-09-24T18:20:38 IST" duration-ms="33064" status="PASS">
          <params>
            <param index="0">
              <value>
                <![CDATA[1.00]]>
              </value>
            </param>
          </params>
          <reporter-output>
          </reporter-output>
        </test-method> <!-- gGivesDashboardPage -->
        <test-method signature="gGivesDuesPage()[pri:5, instance:com.GCash_GGivesScripts.GCASHScripts@e077866]" started-at="2022-09-24T18:20:46 IST" name="gGivesDuesPage" finished-at="2022-09-24T18:21:20 IST" duration-ms="33196" status="PASS">
          <reporter-output>
          </reporter-output>
        </test-method> <!-- gGivesDuesPage -->
        <test-method signature="gGivesPaymentPage()[pri:6, instance:com.GCash_GGivesScripts.GCASHScripts@e077866]" started-at="2022-09-24T18:21:31 IST" name="gGivesPaymentPage" finished-at="2022-09-24T18:22:07 IST" duration-ms="36129" status="PASS">
          <reporter-output>
          </reporter-output>
        </test-method> <!-- gGivesPaymentPage -->
        <test-method signature="gCashLogoutPage()[pri:7, instance:com.GCash_GGivesScripts.GCASHScripts@e077866]" started-at="2022-09-24T18:22:15 IST" name="gCashLogoutPage" finished-at="2022-09-24T18:22:47 IST" duration-ms="32093" status="PASS">
          <reporter-output>
          </reporter-output>
        </test-method> <!-- gCashLogoutPage -->
        <test-method signature="gSaveLoginPage(java.lang.String, java.lang.String)[pri:8, instance:com.GCash_GGivesScripts.GCASHScripts@e077866]" started-at="2022-09-24T18:23:00 IST" name="gSaveLoginPage" finished-at="2022-09-24T18:23:31 IST" duration-ms="31588" status="PASS">
          <params>
            <param index="0">
              <value>
                <![CDATA[9010000143]]>
              </value>
            </param>
            <param index="1">
              <value>
                <![CDATA[000000]]>
              </value>
            </param>
          </params>
          <reporter-output>
          </reporter-output>
        </test-method> <!-- gSaveLoginPage -->
        <test-method signature="gSaveTransactionPage(java.lang.String)[pri:9, instance:com.GCash_GGivesScripts.GCASHScripts@e077866]" started-at="2022-09-24T18:23:39 IST" name="gSaveTransactionPage" finished-at="2022-09-24T18:23:40 IST" duration-ms="914" status="PASS">
          <params>
            <param index="0">
              <value>
                <![CDATA[1.00]]>
              </value>
            </param>
          </params>
          <reporter-output>
          </reporter-output>
        </test-method> <!-- gSaveTransactionPage -->
        <test-method is-config="true" signature="After()[pri:0, instance:com.GCash_GGivesScripts.GCASHScripts@e077866]" started-at="2022-09-24T18:23:51 IST" name="After" finished-at="2022-09-24T18:23:52 IST" duration-ms="517" status="PASS">
          <reporter-output>
          </reporter-output>
        </test-method> <!-- After -->
      </class> <!-- com.GCash_GGivesScripts.GCASHScripts -->
    </test> <!-- GCASH -->
  </suite> <!-- Android -->
</testng-results>
